# JRE version: OpenJDK Runtime Environment (8.0_112-b06) (build 1.8.0_112-release-b06)
# Java VM: OpenJDK 64-Bit Server VM (25.112-b06 mixed mode windows-amd64 compressed oops)
Heap:
 PSYoungGen      total 358912K, used 71117K [0x00000000e0000000, 0x00000000fa800000, 0x0000000100000000)
  eden space 352256K, 18% used [0x00000000e0000000,0x00000000e3f26158,0x00000000f5800000)
  from space 6656K, 96% used [0x00000000f6680000,0x00000000f6ccd3f0,0x00000000f6d00000)
  to   space 40960K, 0% used [0x00000000f8000000,0x00000000f8000000,0x00000000fa800000)
 ParOldGen       total 152064K, used 110641K [0x00000000a0000000, 0x00000000a9480000, 0x00000000e0000000)
  object space 152064K, 72% used [0x00000000a0000000,0x00000000a6c0c538,0x00000000a9480000)
 Metaspace       used 73825K, capacity 78218K, committed 78336K, reserved 1118208K
  class space    used 9353K, capacity 10151K, committed 10240K, reserved 1048576K
GC Heap History (10 events):
Event: 5149.714 GC heap before
{Heap before GC invocations=32 (full 3):
 PSYoungGen      total 307712K, used 281796K [0x00000000e0000000, 0x00000000f7200000, 0x0000000100000000)
  eden space 272384K, 100% used [0x00000000e0000000,0x00000000f0a00000,0x00000000f0a00000)
  from space 35328K, 26% used [0x00000000f2c80000,0x00000000f35b11b0,0x00000000f4f00000)
  to   space 35328K, 0% used [0x00000000f0a00000,0x00000000f0a00000,0x00000000f2c80000)
 ParOldGen       total 152064K, used 104625K [0x00000000a0000000, 0x00000000a9480000, 0x00000000e0000000)
  object space 152064K, 68% used [0x00000000a0000000,0x00000000a662c538,0x00000000a9480000)
 Metaspace       used 73281K, capacity 77384K, committed 77440K, reserved 1116160K
  class space    used 9304K, capacity 10080K, committed 10112K, reserved 1048576K
Event: 5149.738 GC heap after
Heap after GC invocations=32 (full 3):
 PSYoungGen      total 307712K, used 31365K [0x00000000e0000000, 0x00000000f8500000, 0x0000000100000000)
  eden space 272384K, 0% used [0x00000000e0000000,0x00000000e0000000,0x00000000f0a00000)
  from space 35328K, 88% used [0x00000000f0a00000,0x00000000f28a15f0,0x00000000f2c80000)
  to   space 38400K, 0% used [0x00000000f5f80000,0x00000000f5f80000,0x00000000f8500000)
 ParOldGen       total 152064K, used 104929K [0x00000000a0000000, 0x00000000a9480000, 0x00000000e0000000)
  object space 152064K, 69% used [0x00000000a0000000,0x00000000a6678538,0x00000000a9480000)
 Metaspace       used 73281K, capacity 77384K, committed 77440K, reserved 1116160K
  class space    used 9304K, capacity 10080K, committed 10112K, reserved 1048576K
}
Event: 5420.463 GC heap before
{Heap before GC invocations=33 (full 3):
 PSYoungGen      total 307712K, used 303749K [0x00000000e0000000, 0x00000000f8500000, 0x0000000100000000)
  eden space 272384K, 100% used [0x00000000e0000000,0x00000000f0a00000,0x00000000f0a00000)
  from space 35328K, 88% used [0x00000000f0a00000,0x00000000f28a15f0,0x00000000f2c80000)
  to   space 38400K, 0% used [0x00000000f5f80000,0x00000000f5f80000,0x00000000f8500000)
 ParOldGen       total 152064K, used 104929K [0x00000000a0000000, 0x00000000a9480000, 0x00000000e0000000)
  object space 152064K, 69% used [0x00000000a0000000,0x00000000a6678538,0x00000000a9480000)
 Metaspace       used 73396K, capacity 77618K, committed 77696K, reserved 1116160K
  class space    used 9312K, capacity 10089K, committed 10112K, reserved 1048576K
Event: 5420.475 GC heap after
Heap after GC invocations=33 (full 3):
 PSYoungGen      total 348672K, used 9444K [0x00000000e0000000, 0x00000000f7f80000, 0x0000000100000000)
  eden space 315904K, 0% used [0x00000000e0000000,0x00000000e0000000,0x00000000f3480000)
  from space 32768K, 28% used [0x00000000f5f80000,0x00000000f68b91d0,0x00000000f7f80000)
  to   space 38400K, 0% used [0x00000000f3480000,0x00000000f3480000,0x00000000f5a00000)
 ParOldGen       total 152064K, used 105185K [0x00000000a0000000, 0x00000000a9480000, 0x00000000e0000000)
  object space 152064K, 69% used [0x00000000a0000000,0x00000000a66b8538,0x00000000a9480000)
 Metaspace       used 73396K, capacity 77618K, committed 77696K, reserved 1116160K
  class space    used 9312K, capacity 10089K, committed 10112K, reserved 1048576K
}
Event: 5421.974 GC heap before
{Heap before GC invocations=34 (full 3):
 PSYoungGen      total 348672K, used 325348K [0x00000000e0000000, 0x00000000f7f80000, 0x0000000100000000)
  eden space 315904K, 100% used [0x00000000e0000000,0x00000000f3480000,0x00000000f3480000)
  from space 32768K, 28% used [0x00000000f5f80000,0x00000000f68b91d0,0x00000000f7f80000)
  to   space 38400K, 0% used [0x00000000f3480000,0x00000000f3480000,0x00000000f5a00000)
 ParOldGen       total 152064K, used 105185K [0x00000000a0000000, 0x00000000a9480000, 0x00000000e0000000)
  object space 152064K, 69% used [0x00000000a0000000,0x00000000a66b8538,0x00000000a9480000)
 Metaspace       used 73512K, capacity 77784K, committed 78080K, reserved 1118208K
  class space    used 9327K, capacity 10116K, committed 10240K, reserved 1048576K
Event: 5422.015 GC heap after
Heap after GC invocations=34 (full 3):
 PSYoungGen      total 354304K, used 36289K [0x00000000e0000000, 0x00000000fc100000, 0x0000000100000000)
  eden space 315904K, 0% used [0x00000000e0000000,0x00000000e0000000,0x00000000f3480000)
  from space 38400K, 94% used [0x00000000f3480000,0x00000000f57f0788,0x00000000f5a00000)
  to   space 43008K, 0% used [0x00000000f9700000,0x00000000f9700000,0x00000000fc100000)
 ParOldGen       total 152064K, used 109449K [0x00000000a0000000, 0x00000000a9480000, 0x00000000e0000000)
  object space 152064K, 71% used [0x00000000a0000000,0x00000000a6ae2528,0x00000000a9480000)
 Metaspace       used 73512K, capacity 77784K, committed 78080K, reserved 1118208K
  class space    used 9327K, capacity 10116K, committed 10240K, reserved 1048576K
}
Event: 5551.555 GC heap before
{Heap before GC invocations=35 (full 3):
 PSYoungGen      total 354304K, used 352193K [0x00000000e0000000, 0x00000000fc100000, 0x0000000100000000)
  eden space 315904K, 100% used [0x00000000e0000000,0x00000000f3480000,0x00000000f3480000)
  from space 38400K, 94% used [0x00000000f3480000,0x00000000f57f0788,0x00000000f5a00000)
  to   space 43008K, 0% used [0x00000000f9700000,0x00000000f9700000,0x00000000fc100000)
 ParOldGen       total 152064K, used 109449K [0x00000000a0000000, 0x00000000a9480000, 0x00000000e0000000)
  object space 152064K, 71% used [0x00000000a0000000,0x00000000a6ae2528,0x00000000a9480000)
 Metaspace       used 73688K, capacity 78062K, committed 78336K, reserved 1118208K
  class space    used 9345K, capacity 10143K, committed 10240K, reserved 1048576K
Event: 5551.587 GC heap after
Heap after GC invocations=35 (full 3):
 PSYoungGen      total 399360K, used 17583K [0x00000000e0000000, 0x00000000fb680000, 0x0000000100000000)
  eden space 367104K, 0% used [0x00000000e0000000,0x00000000e0000000,0x00000000f6680000)
  from space 32256K, 54% used [0x00000000f9700000,0x00000000fa82be50,0x00000000fb680000)
  to   space 40960K, 0% used [0x00000000f6680000,0x00000000f6680000,0x00000000f8e80000)
 ParOldGen       total 152064K, used 110297K [0x00000000a0000000, 0x00000000a9480000, 0x00000000e0000000)
  object space 152064K, 72% used [0x00000000a0000000,0x00000000a6bb6538,0x00000000a9480000)
 Metaspace       used 73688K, capacity 78062K, committed 78336K, reserved 1118208K
  class space    used 9345K, capacity 10143K, committed 10240K, reserved 1048576K
}
Event: 5713.483 GC heap before
{Heap before GC invocations=36 (full 3):
 PSYoungGen      total 399360K, used 384687K [0x00000000e0000000, 0x00000000fb680000, 0x0000000100000000)
  eden space 367104K, 100% used [0x00000000e0000000,0x00000000f6680000,0x00000000f6680000)
  from space 32256K, 54% used [0x00000000f9700000,0x00000000fa82be50,0x00000000fb680000)
  to   space 40960K, 0% used [0x00000000f6680000,0x00000000f6680000,0x00000000f8e80000)
 ParOldGen       total 152064K, used 110297K [0x00000000a0000000, 0x00000000a9480000, 0x00000000e0000000)
  object space 152064K, 72% used [0x00000000a0000000,0x00000000a6bb6538,0x00000000a9480000)
 Metaspace       used 73778K, capacity 78218K, committed 78336K, reserved 1118208K
  class space    used 9353K, capacity 10151K, committed 10240K, reserved 1048576K
Event: 5713.491 GC heap after
Heap after GC invocations=36 (full 3):
 PSYoungGen      total 358912K, used 6452K [0x00000000e0000000, 0x00000000fa800000, 0x0000000100000000)
  eden space 352256K, 0% used [0x00000000e0000000,0x00000000e0000000,0x00000000f5800000)
  from space 6656K, 96% used [0x00000000f6680000,0x00000000f6ccd3f0,0x00000000f6d00000)
  to   space 40960K, 0% used [0x00000000f8000000,0x00000000f8000000,0x00000000fa800000)
 ParOldGen       total 152064K, used 110641K [0x00000000a0000000, 0x00000000a9480000, 0x00000000e0000000)
  object space 152064K, 72% used [0x00000000a0000000,0x00000000a6c0c538,0x00000000a9480000)
 Metaspace       used 73778K, capacity 78218K, committed 78336K, reserved 1118208K
  class space    used 9353K, capacity 10151K, committed 10240K, reserved 1048576K
}

