# JRE version: OpenJDK Runtime Environment (8.0_112-b06) (build 1.8.0_112-release-b06)
# Java VM: OpenJDK 64-Bit Server VM (25.112-b06 mixed mode windows-amd64 compressed oops)
Heap:
 PSYoungGen      total 363008K, used 85625K [0x00000000e0000000, 0x00000000fa700000, 0x0000000100000000)
  eden space 353280K, 21% used [0x00000000e0000000,0x00000000e4a953f0,0x00000000f5900000)
  from space 9728K, 95% used [0x00000000f9d80000,0x00000000fa6890e8,0x00000000fa700000)
  to   space 35840K, 0% used [0x00000000f6100000,0x00000000f6100000,0x00000000f8400000)
 ParOldGen       total 133632K, used 75390K [0x00000000a0000000, 0x00000000a8280000, 0x00000000e0000000)
  object space 133632K, 56% used [0x00000000a0000000,0x00000000a499f828,0x00000000a8280000)
 Metaspace       used 74314K, capacity 79202K, committed 79488K, reserved 1118208K
  class space    used 9416K, capacity 10241K, committed 10368K, reserved 1048576K
GC Heap History (10 events):
Event: 3507.029 GC heap before
{Heap before GC invocations=23 (full 3):
 PSYoungGen      total 469504K, used 469484K [0x00000000e0000000, 0x00000000ff800000, 0x0000000100000000)
  eden space 437248K, 100% used [0x00000000e0000000,0x00000000fab00000,0x00000000fab00000)
  from space 32256K, 99% used [0x00000000fbe00000,0x00000000fdd7b188,0x00000000fdd80000)
  to   space 27136K, 0% used [0x00000000fdd80000,0x00000000fdd80000,0x00000000ff800000)
 ParOldGen       total 133632K, used 71638K [0x00000000a0000000, 0x00000000a8280000, 0x00000000e0000000)
  object space 133632K, 53% used [0x00000000a0000000,0x00000000a45f58e8,0x00000000a8280000)
 Metaspace       used 73799K, capacity 78226K, committed 78336K, reserved 1118208K
  class space    used 9367K, capacity 10181K, committed 10240K, reserved 1048576K
Event: 3507.050 GC heap after
Heap after GC invocations=23 (full 3):
 PSYoungGen      total 438784K, used 19961K [0x00000000e0000000, 0x00000000ff100000, 0x0000000100000000)
  eden space 418816K, 0% used [0x00000000e0000000,0x00000000e0000000,0x00000000f9900000)
  from space 19968K, 99% used [0x00000000fdd80000,0x00000000ff0fe540,0x00000000ff100000)
  to   space 37888K, 0% used [0x00000000fa700000,0x00000000fa700000,0x00000000fcc00000)
 ParOldGen       total 133632K, used 75366K [0x00000000a0000000, 0x00000000a8280000, 0x00000000e0000000)
  object space 133632K, 56% used [0x00000000a0000000,0x00000000a4999828,0x00000000a8280000)
 Metaspace       used 73799K, capacity 78226K, committed 78336K, reserved 1118208K
  class space    used 9367K, capacity 10181K, committed 10240K, reserved 1048576K
}
Event: 3508.215 GC heap before
{Heap before GC invocations=24 (full 3):
 PSYoungGen      total 438784K, used 437345K [0x00000000e0000000, 0x00000000ff100000, 0x0000000100000000)
  eden space 418816K, 99% used [0x00000000e0000000,0x00000000f9799ed8,0x00000000f9900000)
  from space 19968K, 99% used [0x00000000fdd80000,0x00000000ff0fe540,0x00000000ff100000)
  to   space 37888K, 0% used [0x00000000fa700000,0x00000000fa700000,0x00000000fcc00000)
 ParOldGen       total 133632K, used 75366K [0x00000000a0000000, 0x00000000a8280000, 0x00000000e0000000)
  object space 133632K, 56% used [0x00000000a0000000,0x00000000a4999828,0x00000000a8280000)
 Metaspace       used 73826K, capacity 78226K, committed 78336K, reserved 1118208K
  class space    used 9367K, capacity 10181K, committed 10240K, reserved 1048576K
Event: 3508.234 GC heap after
Heap after GC invocations=24 (full 3):
 PSYoungGen      total 427520K, used 25982K [0x00000000e0000000, 0x00000000fde00000, 0x0000000100000000)
  eden space 401408K, 0% used [0x00000000e0000000,0x00000000e0000000,0x00000000f8800000)
  from space 26112K, 99% used [0x00000000fa700000,0x00000000fc05f978,0x00000000fc080000)
  to   space 30208K, 0% used [0x00000000fc080000,0x00000000fc080000,0x00000000fde00000)
 ParOldGen       total 133632K, used 75366K [0x00000000a0000000, 0x00000000a8280000, 0x00000000e0000000)
  object space 133632K, 56% used [0x00000000a0000000,0x00000000a4999828,0x00000000a8280000)
 Metaspace       used 73826K, capacity 78226K, committed 78336K, reserved 1118208K
  class space    used 9367K, capacity 10181K, committed 10240K, reserved 1048576K
}
Event: 3702.276 GC heap before
{Heap before GC invocations=25 (full 3):
 PSYoungGen      total 427520K, used 427390K [0x00000000e0000000, 0x00000000fde00000, 0x0000000100000000)
  eden space 401408K, 100% used [0x00000000e0000000,0x00000000f8800000,0x00000000f8800000)
  from space 26112K, 99% used [0x00000000fa700000,0x00000000fc05f978,0x00000000fc080000)
  to   space 30208K, 0% used [0x00000000fc080000,0x00000000fc080000,0x00000000fde00000)
 ParOldGen       total 133632K, used 75366K [0x00000000a0000000, 0x00000000a8280000, 0x00000000e0000000)
  object space 133632K, 56% used [0x00000000a0000000,0x00000000a4999828,0x00000000a8280000)
 Metaspace       used 74050K, capacity 78540K, committed 78592K, reserved 1118208K
  class space    used 9383K, capacity 10198K, committed 10240K, reserved 1048576K
Event: 3702.304 GC heap after
Heap after GC invocations=25 (full 3):
 PSYoungGen      total 404992K, used 20268K [0x00000000e0000000, 0x00000000fd480000, 0x0000000100000000)
  eden space 384512K, 0% used [0x00000000e0000000,0x00000000e0000000,0x00000000f7780000)
  from space 20480K, 98% used [0x00000000fc080000,0x00000000fd44b360,0x00000000fd480000)
  to   space 37888K, 0% used [0x00000000f8a80000,0x00000000f8a80000,0x00000000faf80000)
 ParOldGen       total 133632K, used 75374K [0x00000000a0000000, 0x00000000a8280000, 0x00000000e0000000)
  object space 133632K, 56% used [0x00000000a0000000,0x00000000a499b828,0x00000000a8280000)
 Metaspace       used 74050K, capacity 78540K, committed 78592K, reserved 1118208K
  class space    used 9383K, capacity 10198K, committed 10240K, reserved 1048576K
}
Event: 3704.146 GC heap before
{Heap before GC invocations=26 (full 3):
 PSYoungGen      total 404992K, used 397894K [0x00000000e0000000, 0x00000000fd480000, 0x0000000100000000)
  eden space 384512K, 98% used [0x00000000e0000000,0x00000000f70c6878,0x00000000f7780000)
  from space 20480K, 98% used [0x00000000fc080000,0x00000000fd44b360,0x00000000fd480000)
  to   space 37888K, 0% used [0x00000000f8a80000,0x00000000f8a80000,0x00000000faf80000)
 ParOldGen       total 133632K, used 75374K [0x00000000a0000000, 0x00000000a8280000, 0x00000000e0000000)
  object space 133632K, 56% used [0x00000000a0000000,0x00000000a499b828,0x00000000a8280000)
 Metaspace       used 74091K, capacity 78674K, committed 78848K, reserved 1118208K
  class space    used 9384K, capacity 10199K, committed 10240K, reserved 1048576K
Event: 3704.165 GC heap after
Heap after GC invocations=26 (full 3):
 PSYoungGen      total 386560K, used 17419K [0x00000000e0000000, 0x00000000fc100000, 0x0000000100000000)
  eden space 368640K, 0% used [0x00000000e0000000,0x00000000e0000000,0x00000000f6800000)
  from space 17920K, 97% used [0x00000000f8a80000,0x00000000f9b82f48,0x00000000f9c00000)
  to   space 36352K, 0% used [0x00000000f9d80000,0x00000000f9d80000,0x00000000fc100000)
 ParOldGen       total 133632K, used 75382K [0x00000000a0000000, 0x00000000a8280000, 0x00000000e0000000)
  object space 133632K, 56% used [0x00000000a0000000,0x00000000a499d828,0x00000000a8280000)
 Metaspace       used 74091K, capacity 78674K, committed 78848K, reserved 1118208K
  class space    used 9384K, capacity 10199K, committed 10240K, reserved 1048576K
}
Event: 3866.091 GC heap before
{Heap before GC invocations=27 (full 3):
 PSYoungGen      total 386560K, used 386059K [0x00000000e0000000, 0x00000000fc100000, 0x0000000100000000)
  eden space 368640K, 100% used [0x00000000e0000000,0x00000000f6800000,0x00000000f6800000)
  from space 17920K, 97% used [0x00000000f8a80000,0x00000000f9b82f48,0x00000000f9c00000)
  to   space 36352K, 0% used [0x00000000f9d80000,0x00000000f9d80000,0x00000000fc100000)
 ParOldGen       total 133632K, used 75382K [0x00000000a0000000, 0x00000000a8280000, 0x00000000e0000000)
  object space 133632K, 56% used [0x00000000a0000000,0x00000000a499d828,0x00000000a8280000)
 Metaspace       used 74265K, capacity 79096K, committed 79104K, reserved 1118208K
  class space    used 9412K, capacity 10234K, committed 10240K, reserved 1048576K
Event: 3866.105 GC heap after
Heap after GC invocations=27 (full 3):
 PSYoungGen      total 363008K, used 9252K [0x00000000e0000000, 0x00000000fa700000, 0x0000000100000000)
  eden space 353280K, 0% used [0x00000000e0000000,0x00000000e0000000,0x00000000f5900000)
  from space 9728K, 95% used [0x00000000f9d80000,0x00000000fa6890e8,0x00000000fa700000)
  to   space 35840K, 0% used [0x00000000f6100000,0x00000000f6100000,0x00000000f8400000)
 ParOldGen       total 133632K, used 75390K [0x00000000a0000000, 0x00000000a8280000, 0x00000000e0000000)
  object space 133632K, 56% used [0x00000000a0000000,0x00000000a499f828,0x00000000a8280000)
 Metaspace       used 74265K, capacity 79096K, committed 79104K, reserved 1118208K
  class space    used 9412K, capacity 10234K, committed 10240K, reserved 1048576K
}

