# JRE version: OpenJDK Runtime Environment (8.0_112-b06) (build 1.8.0_112-release-b06)
# Java VM: OpenJDK 64-Bit Server VM (25.112-b06 mixed mode windows-amd64 compressed oops)
Heap:
 PSYoungGen      total 365056K, used 326435K [0x00000000e0000000, 0x00000000fcd80000, 0x0000000100000000)
  eden space 333824K, 94% used [0x00000000e0000000,0x00000000f347e568,0x00000000f4600000)
  from space 31232K, 33% used [0x00000000f4600000,0x00000000f504a878,0x00000000f6480000)
  to   space 29696K, 0% used [0x00000000fb080000,0x00000000fb080000,0x00000000fcd80000)
 ParOldGen       total 144384K, used 52089K [0x00000000a0000000, 0x00000000a8d00000, 0x00000000e0000000)
  object space 144384K, 36% used [0x00000000a0000000,0x00000000a32de6c8,0x00000000a8d00000)
 Metaspace       used 63482K, capacity 66874K, committed 67072K, reserved 1107968K
  class space    used 8317K, capacity 8959K, committed 8960K, reserved 1048576K
GC Heap History (10 events):
Event: 15.616 GC heap before
{Heap before GC invocations=10 (full 2):
 PSYoungGen      total 181248K, used 181148K [0x00000000e0000000, 0x00000000f2700000, 0x0000000100000000)
  eden space 166400K, 100% used [0x00000000e0000000,0x00000000ea280000,0x00000000ea280000)
  from space 14848K, 99% used [0x00000000ea280000,0x00000000eb0e7150,0x00000000eb100000)
  to   space 16896K, 0% used [0x00000000f1680000,0x00000000f1680000,0x00000000f2700000)
 ParOldGen       total 85504K, used 14102K [0x00000000a0000000, 0x00000000a5380000, 0x00000000e0000000)
  object space 85504K, 16% used [0x00000000a0000000,0x00000000a0dc58f0,0x00000000a5380000)
 Metaspace       used 50588K, capacity 52424K, committed 52608K, reserved 1093632K
  class space    used 7005K, capacity 7479K, committed 7552K, reserved 1048576K
Event: 15.650 GC heap after
Heap after GC invocations=10 (full 2):
 PSYoungGen      total 277504K, used 16895K [0x00000000e0000000, 0x00000000f2f00000, 0x0000000100000000)
  eden space 260608K, 0% used [0x00000000e0000000,0x00000000e0000000,0x00000000efe80000)
  from space 16896K, 99% used [0x00000000f1680000,0x00000000f26ffff0,0x00000000f2700000)
  to   space 24576K, 0% used [0x00000000efe80000,0x00000000efe80000,0x00000000f1680000)
 ParOldGen       total 85504K, used 26087K [0x00000000a0000000, 0x00000000a5380000, 0x00000000e0000000)
  object space 85504K, 30% used [0x00000000a0000000,0x00000000a1979d58,0x00000000a5380000)
 Metaspace       used 50588K, capacity 52424K, committed 52608K, reserved 1093632K
  class space    used 7005K, capacity 7479K, committed 7552K, reserved 1048576K
}
Event: 22.586 GC heap before
{Heap before GC invocations=11 (full 2):
 PSYoungGen      total 277504K, used 198505K [0x00000000e0000000, 0x00000000f2f00000, 0x0000000100000000)
  eden space 260608K, 69% used [0x00000000e0000000,0x00000000eb15a760,0x00000000efe80000)
  from space 16896K, 99% used [0x00000000f1680000,0x00000000f26ffff0,0x00000000f2700000)
  to   space 24576K, 0% used [0x00000000efe80000,0x00000000efe80000,0x00000000f1680000)
 ParOldGen       total 85504K, used 26087K [0x00000000a0000000, 0x00000000a5380000, 0x00000000e0000000)
  object space 85504K, 30% used [0x00000000a0000000,0x00000000a1979d58,0x00000000a5380000)
 Metaspace       used 56612K, capacity 59046K, committed 59096K, reserved 1099776K
  class space    used 7697K, capacity 8273K, committed 8320K, reserved 1048576K
Event: 22.639 GC heap after
Heap after GC invocations=11 (full 2):
 PSYoungGen      total 285184K, used 24574K [0x00000000e0000000, 0x00000000f8a80000, 0x0000000100000000)
  eden space 260608K, 0% used [0x00000000e0000000,0x00000000e0000000,0x00000000efe80000)
  from space 24576K, 99% used [0x00000000efe80000,0x00000000f167f840,0x00000000f1680000)
  to   space 31744K, 0% used [0x00000000f6b80000,0x00000000f6b80000,0x00000000f8a80000)
 ParOldGen       total 85504K, used 33470K [0x00000000a0000000, 0x00000000a5380000, 0x00000000e0000000)
  object space 85504K, 39% used [0x00000000a0000000,0x00000000a20afb78,0x00000000a5380000)
 Metaspace       used 56612K, capacity 59046K, committed 59096K, reserved 1099776K
  class space    used 7697K, capacity 8273K, committed 8320K, reserved 1048576K
}
Event: 22.639 GC heap before
{Heap before GC invocations=12 (full 3):
 PSYoungGen      total 285184K, used 24574K [0x00000000e0000000, 0x00000000f8a80000, 0x0000000100000000)
  eden space 260608K, 0% used [0x00000000e0000000,0x00000000e0000000,0x00000000efe80000)
  from space 24576K, 99% used [0x00000000efe80000,0x00000000f167f840,0x00000000f1680000)
  to   space 31744K, 0% used [0x00000000f6b80000,0x00000000f6b80000,0x00000000f8a80000)
 ParOldGen       total 85504K, used 33470K [0x00000000a0000000, 0x00000000a5380000, 0x00000000e0000000)
  object space 85504K, 39% used [0x00000000a0000000,0x00000000a20afb78,0x00000000a5380000)
 Metaspace       used 56612K, capacity 59046K, committed 59096K, reserved 1099776K
  class space    used 7697K, capacity 8273K, committed 8320K, reserved 1048576K
Event: 22.918 GC heap after
Heap after GC invocations=12 (full 3):
 PSYoungGen      total 285184K, used 0K [0x00000000e0000000, 0x00000000f8a80000, 0x0000000100000000)
  eden space 260608K, 0% used [0x00000000e0000000,0x00000000e0000000,0x00000000efe80000)
  from space 24576K, 0% used [0x00000000efe80000,0x00000000efe80000,0x00000000f1680000)
  to   space 31744K, 0% used [0x00000000f6b80000,0x00000000f6b80000,0x00000000f8a80000)
 ParOldGen       total 144384K, used 52073K [0x00000000a0000000, 0x00000000a8d00000, 0x00000000e0000000)
  object space 144384K, 36% used [0x00000000a0000000,0x00000000a32da6c8,0x00000000a8d00000)
 Metaspace       used 56612K, capacity 59046K, committed 59096K, reserved 1099776K
  class space    used 7697K, capacity 8273K, committed 8320K, reserved 1048576K
}
Event: 153.398 GC heap before
{Heap before GC invocations=13 (full 3):
 PSYoungGen      total 285184K, used 260608K [0x00000000e0000000, 0x00000000f8a80000, 0x0000000100000000)
  eden space 260608K, 100% used [0x00000000e0000000,0x00000000efe80000,0x00000000efe80000)
  from space 24576K, 0% used [0x00000000efe80000,0x00000000efe80000,0x00000000f1680000)
  to   space 31744K, 0% used [0x00000000f6b80000,0x00000000f6b80000,0x00000000f8a80000)
 ParOldGen       total 144384K, used 52073K [0x00000000a0000000, 0x00000000a8d00000, 0x00000000e0000000)
  object space 144384K, 36% used [0x00000000a0000000,0x00000000a32da6c8,0x00000000a8d00000)
 Metaspace       used 59082K, capacity 61932K, committed 62208K, reserved 1103872K
  class space    used 7965K, capacity 8594K, committed 8704K, reserved 1048576K
Event: 153.440 GC heap after
Heap after GC invocations=13 (full 3):
 PSYoungGen      total 357888K, used 5425K [0x00000000e0000000, 0x00000000f8300000, 0x0000000100000000)
  eden space 333824K, 0% used [0x00000000e0000000,0x00000000e0000000,0x00000000f4600000)
  from space 24064K, 22% used [0x00000000f6b80000,0x00000000f70cc480,0x00000000f8300000)
  to   space 31232K, 0% used [0x00000000f4600000,0x00000000f4600000,0x00000000f6480000)
 ParOldGen       total 144384K, used 52081K [0x00000000a0000000, 0x00000000a8d00000, 0x00000000e0000000)
  object space 144384K, 36% used [0x00000000a0000000,0x00000000a32dc6c8,0x00000000a8d00000)
 Metaspace       used 59082K, capacity 61932K, committed 62208K, reserved 1103872K
  class space    used 7965K, capacity 8594K, committed 8704K, reserved 1048576K
}
Event: 425.339 GC heap before
{Heap before GC invocations=14 (full 3):
 PSYoungGen      total 357888K, used 339249K [0x00000000e0000000, 0x00000000f8300000, 0x0000000100000000)
  eden space 333824K, 100% used [0x00000000e0000000,0x00000000f4600000,0x00000000f4600000)
  from space 24064K, 22% used [0x00000000f6b80000,0x00000000f70cc480,0x00000000f8300000)
  to   space 31232K, 0% used [0x00000000f4600000,0x00000000f4600000,0x00000000f6480000)
 ParOldGen       total 144384K, used 52081K [0x00000000a0000000, 0x00000000a8d00000, 0x00000000e0000000)
  object space 144384K, 36% used [0x00000000a0000000,0x00000000a32dc6c8,0x00000000a8d00000)
 Metaspace       used 60229K, capacity 63560K, committed 63872K, reserved 1103872K
  class space    used 8038K, capacity 8710K, committed 8832K, reserved 1048576K
Event: 425.357 GC heap after
Heap after GC invocations=14 (full 3):
 PSYoungGen      total 365056K, used 10538K [0x00000000e0000000, 0x00000000fcd80000, 0x0000000100000000)
  eden space 333824K, 0% used [0x00000000e0000000,0x00000000e0000000,0x00000000f4600000)
  from space 31232K, 33% used [0x00000000f4600000,0x00000000f504a878,0x00000000f6480000)
  to   space 29696K, 0% used [0x00000000fb080000,0x00000000fb080000,0x00000000fcd80000)
 ParOldGen       total 144384K, used 52089K [0x00000000a0000000, 0x00000000a8d00000, 0x00000000e0000000)
  object space 144384K, 36% used [0x00000000a0000000,0x00000000a32de6c8,0x00000000a8d00000)
 Metaspace       used 60229K, capacity 63560K, committed 63872K, reserved 1103872K
  class space    used 8038K, capacity 8710K, committed 8832K, reserved 1048576K
}

